{"uuid":"9dd9f0ba-53b2-4b1b-9c3d-e470f8591b0c","historyId":"c36d7339bf4ae655289298a4091dce63","fullName":"tests.LoginTests.invalidLoginTest_InvalidUserNameInvalidPassword","labels":[{"name":"package","value":"tests.LoginTests"},{"name":"testClass","value":"tests.LoginTests"},{"name":"testMethod","value":"invalidLoginTest_InvalidUserNameInvalidPassword"},{"name":"parentSuite","value":"Default Suite"},{"name":"suite","value":"ExcelReader"},{"name":"subSuite","value":"tests.LoginTests"},{"name":"host","value":"ONUR-PC"},{"name":"thread","value":"7992@ONUR-PC.main(1)"},{"name":"epic","value":"Regression Tests"},{"name":"feature","value":"Login Tests"},{"name":"story","value":"Invalid username and password login test"},{"name":"severity","value":"blocker"}],"links":[],"name":"Invalid Login Scenario with wrong username and password.","status":"failed","statusDetails":{"known":false,"muted":false,"flaky":false,"message":"expected [E-posta adresiniz veya şifreniz hatalı] but found [E-posta adresiniz veya şifreniz hatalı]","trace":"java.lang.AssertionError: expected [E-posta adresiniz veya şifreniz hatalı] but found [E-posta adresiniz veya şifreniz hatalı]\r\n\tat org.testng.Assert.fail(Assert.java:93)\r\n\tat org.testng.Assert.failNotEquals(Assert.java:512)\r\n\tat org.testng.Assert.assertEqualsImpl(Assert.java:134)\r\n\tat org.testng.Assert.assertEquals(Assert.java:115)\r\n\tat org.testng.Assert.assertEquals(Assert.java:178)\r\n\tat pages.LoginPage.verifyLoginPassword_aroundBody4(LoginPage.java:44)\r\n\tat pages.LoginPage$AjcClosure5.run(LoginPage.java:1)\r\n\tat org.aspectj.runtime.reflect.JoinPointImpl.proceed(JoinPointImpl.java:149)\r\n\tat io.qameta.allure.aspects.StepsAspects.step(StepsAspects.java:46)\r\n\tat pages.LoginPage.verifyLoginPassword(LoginPage.java:44)\r\n\tat tests.LoginTests.invalidLoginTest_InvalidUserNameInvalidPassword(LoginTests.java:45)\r\n\tat sun.reflect.NativeMethodAccessorImpl.invoke0(Native Method)\r\n\tat sun.reflect.NativeMethodAccessorImpl.invoke(NativeMethodAccessorImpl.java:62)\r\n\tat sun.reflect.DelegatingMethodAccessorImpl.invoke(DelegatingMethodAccessorImpl.java:43)\r\n\tat java.lang.reflect.Method.invoke(Method.java:498)\r\n\tat org.testng.internal.MethodInvocationHelper.invokeMethod(MethodInvocationHelper.java:108)\r\n\tat org.testng.internal.Invoker.invokeMethod(Invoker.java:661)\r\n\tat org.testng.internal.Invoker.invokeTestMethod(Invoker.java:869)\r\n\tat org.testng.internal.Invoker.invokeTestMethods(Invoker.java:1193)\r\n\tat org.testng.internal.TestMethodWorker.invokeTestMethods(TestMethodWorker.java:126)\r\n\tat org.testng.internal.TestMethodWorker.run(TestMethodWorker.java:109)\r\n\tat org.testng.TestRunner.privateRun(TestRunner.java:744)\r\n\tat org.testng.TestRunner.run(TestRunner.java:602)\r\n\tat org.testng.SuiteRunner.runTest(SuiteRunner.java:380)\r\n\tat org.testng.SuiteRunner.runSequentially(SuiteRunner.java:375)\r\n\tat org.testng.SuiteRunner.privateRun(SuiteRunner.java:340)\r\n\tat org.testng.SuiteRunner.run(SuiteRunner.java:289)\r\n\tat org.testng.SuiteRunnerWorker.runSuite(SuiteRunnerWorker.java:52)\r\n\tat org.testng.SuiteRunnerWorker.run(SuiteRunnerWorker.java:86)\r\n\tat org.testng.TestNG.runSuitesSequentially(TestNG.java:1301)\r\n\tat org.testng.TestNG.runSuitesLocally(TestNG.java:1226)\r\n\tat org.testng.TestNG.runSuites(TestNG.java:1144)\r\n\tat org.testng.TestNG.run(TestNG.java:1115)\r\n\tat org.testng.IDEARemoteTestNG.run(IDEARemoteTestNG.java:72)\r\n\tat org.testng.RemoteTestNGStarter.main(RemoteTestNGStarter.java:127)\r\n"},"stage":"finished","description":"Test Description: Login test with wrong username and wrong password.","start":1509229324630,"stop":1509229336065,"steps":[{"name":"Open N11 Step...","status":"passed","stage":"finished","start":1509229324747,"stop":1509229330361},{"name":"Go to Login Page Step...","status":"passed","stage":"finished","start":1509229330364,"stop":1509229332688},{"name":"Login Step with username: {0}, password: {1}, for method: {method} step...","status":"passed","stage":"finished","start":1509229332786,"stop":1509229334314,"parameters":[{"name":"row","value":"<xml-fragment ht=\"30\" r=\"2\" spans=\"1:5\" x14ac:dyDescent=\"0.25\" xmlns:mc=\"http://schemas.openxmlformats.org/markup-compatibility/2006\" xmlns:r=\"http://schemas.openxmlformats.org/officeDocument/2006/relationships\" xmlns:x14ac=\"http://schemas.microsoft.com/office/spreadsheetml/2009/9/ac\" xmlns:main=\"http://schemas.openxmlformats.org/spreadsheetml/2006/main\">\r\n  <main:c r=\"A2\" s=\"3\" t=\"s\">\r\n    <main:v>5</main:v>\r\n  </main:c>\r\n  <main:c r=\"B2\" s=\"7\" t=\"s\">\r\n    <main:v>3</main:v>\r\n  </main:c>\r\n  <main:c r=\"C2\" s=\"3\" t=\"s\">\r\n    <main:v>4</main:v>\r\n  </main:c>\r\n  <main:c r=\"D2\" s=\"3\"/>\r\n  <main:c r=\"E2\" s=\"3\" t=\"s\">\r\n    <main:v>7</main:v>\r\n  </main:c>\r\n</xml-fragment>"}]},{"name":"Verify verifyLoginPassword: {0} step...","status":"failed","statusDetails":{"known":false,"muted":false,"flaky":false,"message":"expected [E-posta adresiniz veya şifreniz hatalı] but found [E-posta adresiniz veya şifreniz hatalı]","trace":"java.lang.AssertionError: expected [E-posta adresiniz veya şifreniz hatalı] but found [E-posta adresiniz veya şifreniz hatalı]\r\n\tat org.testng.Assert.fail(Assert.java:93)\r\n\tat org.testng.Assert.failNotEquals(Assert.java:512)\r\n\tat org.testng.Assert.assertEqualsImpl(Assert.java:134)\r\n\tat org.testng.Assert.assertEquals(Assert.java:115)\r\n\tat org.testng.Assert.assertEquals(Assert.java:178)\r\n\tat pages.LoginPage.verifyLoginPassword_aroundBody4(LoginPage.java:44)\r\n\tat pages.LoginPage$AjcClosure5.run(LoginPage.java:1)\r\n\tat org.aspectj.runtime.reflect.JoinPointImpl.proceed(JoinPointImpl.java:149)\r\n\tat io.qameta.allure.aspects.StepsAspects.step(StepsAspects.java:46)\r\n\tat pages.LoginPage.verifyLoginPassword(LoginPage.java:44)\r\n\tat tests.LoginTests.invalidLoginTest_InvalidUserNameInvalidPassword(LoginTests.java:45)\r\n\tat sun.reflect.NativeMethodAccessorImpl.invoke0(Native Method)\r\n\tat sun.reflect.NativeMethodAccessorImpl.invoke(NativeMethodAccessorImpl.java:62)\r\n\tat sun.reflect.DelegatingMethodAccessorImpl.invoke(DelegatingMethodAccessorImpl.java:43)\r\n\tat java.lang.reflect.Method.invoke(Method.java:498)\r\n\tat org.testng.internal.MethodInvocationHelper.invokeMethod(MethodInvocationHelper.java:108)\r\n\tat org.testng.internal.Invoker.invokeMethod(Invoker.java:661)\r\n\tat org.testng.internal.Invoker.invokeTestMethod(Invoker.java:869)\r\n\tat org.testng.internal.Invoker.invokeTestMethods(Invoker.java:1193)\r\n\tat org.testng.internal.TestMethodWorker.invokeTestMethods(TestMethodWorker.java:126)\r\n\tat org.testng.internal.TestMethodWorker.run(TestMethodWorker.java:109)\r\n\tat org.testng.TestRunner.privateRun(TestRunner.java:744)\r\n\tat org.testng.TestRunner.run(TestRunner.java:602)\r\n\tat org.testng.SuiteRunner.runTest(SuiteRunner.java:380)\r\n\tat org.testng.SuiteRunner.runSequentially(SuiteRunner.java:375)\r\n\tat org.testng.SuiteRunner.privateRun(SuiteRunner.java:340)\r\n\tat org.testng.SuiteRunner.run(SuiteRunner.java:289)\r\n\tat org.testng.SuiteRunnerWorker.runSuite(SuiteRunnerWorker.java:52)\r\n\tat org.testng.SuiteRunnerWorker.run(SuiteRunnerWorker.java:86)\r\n\tat org.testng.TestNG.runSuitesSequentially(TestNG.java:1301)\r\n\tat org.testng.TestNG.runSuitesLocally(TestNG.java:1226)\r\n\tat org.testng.TestNG.runSuites(TestNG.java:1144)\r\n\tat org.testng.TestNG.run(TestNG.java:1115)\r\n\tat org.testng.IDEARemoteTestNG.run(IDEARemoteTestNG.java:72)\r\n\tat org.testng.RemoteTestNGStarter.main(RemoteTestNGStarter.java:127)\r\n"},"stage":"finished","start":1509229334816,"stop":1509229334907,"parameters":[{"name":"row","value":"<xml-fragment ht=\"30\" r=\"2\" spans=\"1:5\" x14ac:dyDescent=\"0.25\" xmlns:mc=\"http://schemas.openxmlformats.org/markup-compatibility/2006\" xmlns:r=\"http://schemas.openxmlformats.org/officeDocument/2006/relationships\" xmlns:x14ac=\"http://schemas.microsoft.com/office/spreadsheetml/2009/9/ac\" xmlns:main=\"http://schemas.openxmlformats.org/spreadsheetml/2006/main\">\r\n  <main:c r=\"A2\" s=\"3\" t=\"s\">\r\n    <main:v>5</main:v>\r\n  </main:c>\r\n  <main:c r=\"B2\" s=\"7\" t=\"s\">\r\n    <main:v>3</main:v>\r\n  </main:c>\r\n  <main:c r=\"C2\" s=\"3\" t=\"s\">\r\n    <main:v>4</main:v>\r\n  </main:c>\r\n  <main:c r=\"D2\" s=\"3\"/>\r\n  <main:c r=\"E2\" s=\"3\" t=\"s\">\r\n    <main:v>7</main:v>\r\n  </main:c>\r\n</xml-fragment>"}]}],"attachments":[{"name":"Page screenshot","source":"c84735f5-2a55-4c65-8286-7412ab288d54-attachment","type":"image/png"},{"name":"{0}","source":"3fc40a15-54d4-403a-bd7e-56de892ee77f-attachment","type":"text/plain"}],"parameters":[]}